\BOOKMARK [0][-]{chapter.1}{Introduction}{}% 1
\BOOKMARK [0][-]{chapter.2}{Related\040Work}{}% 2
\BOOKMARK [0][-]{chapter.3}{Problem\040Definition\040and\040Analysis}{}% 3
\BOOKMARK [1][-]{section.3.1}{Problem\040Definition}{chapter.3}% 4
\BOOKMARK [1][-]{section.3.2}{Problem\040Analysis}{chapter.3}% 5
\BOOKMARK [1][-]{section.3.3}{Requirement\040Analysis}{chapter.3}% 6
\BOOKMARK [2][-]{subsection.3.3.1}{User\040Stories}{section.3.3}% 7
\BOOKMARK [2][-]{subsection.3.3.2}{Design\040Goals}{section.3.3}% 8
\BOOKMARK [2][-]{subsection.3.3.3}{Product\040Requirements}{section.3.3}% 9
\BOOKMARK [2][-]{subsection.3.3.4}{Design\040Decisions}{section.3.3}% 10
\BOOKMARK [0][-]{chapter.4}{Framework\040and\040Tools}{}% 11
\BOOKMARK [1][-]{subsection.4.0.5}{High-level\040Overview}{chapter.4}% 12
\BOOKMARK [1][-]{section.4.1}{Gathering\040the\040Data}{chapter.4}% 13
\BOOKMARK [2][-]{subsection.4.1.1}{Common\040Crawl}{section.4.1}% 14
\BOOKMARK [2][-]{subsection.4.1.2}{Other\040Data\040Sources}{section.4.1}% 15
\BOOKMARK [1][-]{section.4.2}{Gathering\040the\040Data}{chapter.4}% 16
\BOOKMARK [2][-]{subsection.4.2.1}{Common\040Crawl}{section.4.2}% 17
\BOOKMARK [2][-]{subsection.4.2.2}{Other\040Data\040Sources}{section.4.2}% 18
\BOOKMARK [1][-]{section.4.3}{Selecting\040Relevant\040Documents}{chapter.4}% 19
\BOOKMARK [1][-]{section.4.4}{Extracting\040Relations\040from\040Documents}{chapter.4}% 20
\BOOKMARK [2][-]{subsection.4.4.1}{defining\040classes}{section.4.4}% 21
\BOOKMARK [2][-]{subsection.4.4.2}{preprocess}{section.4.4}% 22
\BOOKMARK [2][-]{subsection.4.4.3}{training}{section.4.4}% 23
\BOOKMARK [2][-]{subsection.4.4.4}{classifying}{section.4.4}% 24
\BOOKMARK [1][-]{section.4.5}{Storing\040and\040Ingesting\040the\040Data}{chapter.4}% 25
\BOOKMARK [2][-]{subsection.4.5.1}{Storing\040Extracted\040Categories}{section.4.5}% 26
\BOOKMARK [2][-]{subsection.4.5.2}{Graph\040Database\040or\040Traditional\040Database}{section.4.5}% 27
\BOOKMARK [2][-]{subsection.4.5.3}{Comparing\040Graph\040Databases}{section.4.5}% 28
\BOOKMARK [2][-]{subsection.4.5.4}{Using\040Neo4j\040for\040Storage\040and\040Ingestion}{section.4.5}% 29
\BOOKMARK [1][-]{section.4.6}{Interacting\040with\040the\040Data}{chapter.4}% 30
\BOOKMARK [2][-]{subsection.4.6.1}{Query\040Language}{section.4.6}% 31
\BOOKMARK [2][-]{subsection.4.6.2}{Query\040Composer\040Interface}{section.4.6}% 32
\BOOKMARK [2][-]{subsection.4.6.3}{Interactive\040Search}{section.4.6}% 33
\BOOKMARK [2][-]{subsection.4.6.4}{Conclusion}{section.4.6}% 34
\BOOKMARK [2][-]{subsection.4.6.5}{Visualising\040the\040Data}{section.4.6}% 35
\BOOKMARK [0][-]{chapter.5}{Implementation}{}% 36
\BOOKMARK [1][-]{section.5.1}{Downloading\040and\040parsing\040indices}{chapter.5}% 37
\BOOKMARK [1][-]{section.5.2}{Filtering}{chapter.5}% 38
\BOOKMARK [1][-]{section.5.3}{Classification}{chapter.5}% 39
\BOOKMARK [1][-]{section.5.4}{Storing\040the\040Data}{chapter.5}% 40
\BOOKMARK [1][-]{section.5.5}{API}{chapter.5}% 41
\BOOKMARK [2][-]{subsection.5.5.1}{General\040Remarks}{section.5.5}% 42
\BOOKMARK [2][-]{subsection.5.5.2}{Classify\040Route:\040/classify}{section.5.5}% 43
\BOOKMARK [2][-]{subsection.5.5.3}{Data-set\040Route:\040/datasets}{section.5.5}% 44
\BOOKMARK [2][-]{subsection.5.5.4}{Documents\040Route:\040/documents}{section.5.5}% 45
\BOOKMARK [2][-]{subsection.5.5.5}{Indices\040Route:\040/indices}{section.5.5}% 46
\BOOKMARK [2][-]{subsection.5.5.6}{Classify\040Documents\040Route:\040/classify_documents}{section.5.5}% 47
\BOOKMARK [1][-]{section.5.6}{Front-End}{chapter.5}% 48
\BOOKMARK [2][-]{subsection.5.6.1}{Technical\040Overview}{section.5.6}% 49
\BOOKMARK [2][-]{subsection.5.6.2}{Interfaces}{section.5.6}% 50
\BOOKMARK [2][-]{subsection.5.6.3}{Recommendations}{section.5.6}% 51
\BOOKMARK [0][-]{chapter.6}{Project\040Evaluation}{}% 52
\BOOKMARK [1][-]{section.6.1}{Validation\040and\040Verification}{chapter.6}% 53
\BOOKMARK [2][-]{subsection.6.1.1}{Testing\040the\040Application}{section.6.1}% 54
\BOOKMARK [2][-]{subsection.6.1.2}{SIG}{section.6.1}% 55
\BOOKMARK [2][-]{subsection.6.1.3}{Evaluating\040the\040Classification}{section.6.1}% 56
\BOOKMARK [2][-]{subsection.6.1.4}{Evaluation\040of\040Relation\040Scores}{section.6.1}% 57
\BOOKMARK [1][-]{section.6.2}{Fulfilment\040of\040Requirements}{chapter.6}% 58
\BOOKMARK [1][-]{section.6.3}{Process}{chapter.6}% 59
\BOOKMARK [2][-]{subsection.6.3.1}{Collaboration\040Between\040the\040Team\040Members}{section.6.3}% 60
\BOOKMARK [2][-]{subsection.6.3.2}{Collaboration\040Between\040the\040Team\040Members\040and\040the\040TU\040Delft\040Coach}{section.6.3}% 61
\BOOKMARK [2][-]{subsection.6.3.3}{Collaboration\040Between\040the\040Team\040Members\040and\040the\040Client}{section.6.3}% 62
\BOOKMARK [0][-]{chapter.7}{Discussion}{}% 63
\BOOKMARK [1][-]{section.7.1}{Answering\040the\040research\040question}{chapter.7}% 64
\BOOKMARK [1][-]{section.7.2}{influence\040of\040the\040answers}{chapter.7}% 65
\BOOKMARK [1][-]{section.7.3}{issues\040faced\040and\040remaining}{chapter.7}% 66
\BOOKMARK [1][-]{section.7.4}{Ethics}{chapter.7}% 67
\BOOKMARK [0][-]{chapter.8}{Recommendations}{}% 68
\BOOKMARK [0][-]{chapter.9}{Conclusion}{}% 69
\BOOKMARK [0][-]{chapter*.36}{Bibliography}{}% 70
\BOOKMARK [0][-]{appendix.A}{Better\040Code\040Hub\040Guidelines}{}% 71
\BOOKMARK [0][-]{appendix.B}{Sig\040Feedback}{}% 72
\BOOKMARK [1][-]{section.B.1}{week\0405}{appendix.B}% 73
\BOOKMARK [1][-]{section.B.2}{week\0409}{appendix.B}% 74
\BOOKMARK [0][-]{appendix.C}{User\040Manual}{}% 75
\BOOKMARK [0][-]{appendix.D}{Developers\040Manual}{}% 76
\BOOKMARK [0][-]{appendix.E}{Used\040Libararies}{}% 77
\BOOKMARK [0][-]{appendix.F}{Validation\040and\040Verification\040results}{}% 78
\BOOKMARK [1][-]{subsection.F.0.1}{Testing\040the\040Application}{appendix.F}% 79
\BOOKMARK [2][-]{subsection.F.0.2}{SIG}{subsection.F.0.1}% 80
\BOOKMARK [2][-]{subsection.F.0.3}{evaluating\040the\040classification}{subsection.F.0.1}% 81
\BOOKMARK [2][-]{subsection.F.0.4}{Evaluation\040of\040relation\040scores}{subsection.F.0.1}% 82
